  [1m[35m (1.3ms)[0m  [1m[35mDROP DATABASE IF EXISTS "goal-app_development"[0m
  ↳ bin/rails:9
  [1m[35m (0.2ms)[0m  [1m[35mDROP DATABASE IF EXISTS "goal-app_test"[0m
  ↳ bin/rails:9
  [1m[35m (605.9ms)[0m  [1m[35mCREATE DATABASE "goal-app_development" ENCODING = 'unicode'[0m
  ↳ bin/rails:9
  [1m[35m (262.8ms)[0m  [1m[35mCREATE DATABASE "goal-app_test" ENCODING = 'unicode'[0m
  ↳ bin/rails:9
  [1m[35m (166.5ms)[0m  [1m[35mDROP DATABASE IF EXISTS "goal-app_development"[0m
  ↳ bin/rails:9
  [1m[35m (152.2ms)[0m  [1m[35mDROP DATABASE IF EXISTS "goal-app_test"[0m
  ↳ bin/rails:9
  [1m[35m (756.2ms)[0m  [1m[35mCREATE DATABASE "goal-app_development" ENCODING = 'unicode'[0m
  ↳ bin/rails:9
  [1m[35m (275.0ms)[0m  [1m[35mCREATE DATABASE "goal-app_test" ENCODING = 'unicode'[0m
  ↳ bin/rails:9
  [1m[35m (328.7ms)[0m  [1m[35mCREATE TABLE "schema_migrations" ("version" character varying NOT NULL PRIMARY KEY)[0m
  ↳ bin/rails:9
  [1m[35m (43.6ms)[0m  [1m[35mCREATE TABLE "ar_internal_metadata" ("key" character varying NOT NULL PRIMARY KEY, "value" character varying, "created_at" timestamp NOT NULL, "updated_at" timestamp NOT NULL)[0m
  ↳ bin/rails:9
  [1m[35m (1.4ms)[0m  [1m[34mSELECT pg_try_advisory_lock(3013384923655661730)[0m
  ↳ bin/rails:9
  [1m[35m (13.1ms)[0m  [1m[34mSELECT "schema_migrations"."version" FROM "schema_migrations" ORDER BY "schema_migrations"."version" ASC[0m
  ↳ bin/rails:9
Migrating to CreateUsers (20190705190518)
  [1m[35m (0.3ms)[0m  [1m[35mBEGIN[0m
  ↳ bin/rails:9
  [1m[35m (104.8ms)[0m  [1m[35mCREATE TABLE "users" ("id" bigserial primary key, "username" character varying NOT NULL, "session_token" character varying NOT NULL, "password_digest" character varying NOT NULL, "created_at" timestamp NOT NULL, "updated_at" timestamp NOT NULL)[0m
  ↳ db/migrate/20190705190518_create_users.rb:3
  [1m[35m (23.6ms)[0m  [1m[35mCREATE UNIQUE INDEX  "index_users_on_username" ON "users"  ("username")[0m
  ↳ db/migrate/20190705190518_create_users.rb:9
  [1m[35m (2.0ms)[0m  [1m[35mCREATE UNIQUE INDEX  "index_users_on_session_token" ON "users"  ("session_token")[0m
  ↳ db/migrate/20190705190518_create_users.rb:10
  [1m[36mActiveRecord::SchemaMigration Create (55.9ms)[0m  [1m[32mINSERT INTO "schema_migrations" ("version") VALUES ($1) RETURNING "version"[0m  [["version", "20190705190518"]]
  ↳ bin/rails:9
  [1m[35m (0.8ms)[0m  [1m[35mCOMMIT[0m
  ↳ bin/rails:9
  [1m[36mActiveRecord::InternalMetadata Load (0.7ms)[0m  [1m[34mSELECT  "ar_internal_metadata".* FROM "ar_internal_metadata" WHERE "ar_internal_metadata"."key" = $1 LIMIT $2[0m  [["key", "environment"], ["LIMIT", 1]]
  ↳ bin/rails:9
  [1m[35m (0.2ms)[0m  [1m[35mBEGIN[0m
  ↳ bin/rails:9
  [1m[36mActiveRecord::InternalMetadata Create (16.7ms)[0m  [1m[32mINSERT INTO "ar_internal_metadata" ("key", "value", "created_at", "updated_at") VALUES ($1, $2, $3, $4) RETURNING "key"[0m  [["key", "environment"], ["value", "development"], ["created_at", "2019-07-05 19:07:19.982675"], ["updated_at", "2019-07-05 19:07:19.982675"]]
  ↳ bin/rails:9
  [1m[35m (0.6ms)[0m  [1m[35mCOMMIT[0m
  ↳ bin/rails:9
  [1m[35m (0.5ms)[0m  [1m[34mSELECT pg_advisory_unlock(3013384923655661730)[0m
  ↳ bin/rails:9
  [1m[35m (0.6ms)[0m  [1m[34mSELECT "schema_migrations"."version" FROM "schema_migrations" ORDER BY "schema_migrations"."version" ASC[0m
  ↳ bin/rails:9
Started GET "/c" for ::1 at 2019-07-05 15:45:39 -0400
Started GET "/" for ::1 at 2019-07-05 15:45:39 -0400
  [1m[35m (1.9ms)[0m  [1m[34mSELECT "schema_migrations"."version" FROM "schema_migrations" ORDER BY "schema_migrations"."version" ASC[0m
  [1m[35m (1.8ms)[0m  [1m[34mSELECT "schema_migrations"."version" FROM "schema_migrations" ORDER BY "schema_migrations"."version" ASC[0m
  ↳ /Users/aa/.rbenv/versions/2.5.1/lib/ruby/gems/2.5.0/gems/activerecord-5.2.3/lib/active_record/log_subscriber.rb:98
  ↳ /Users/aa/.rbenv/versions/2.5.1/lib/ruby/gems/2.5.0/gems/activerecord-5.2.3/lib/active_record/log_subscriber.rb:98
  
ActionController::RoutingError (No route matches [GET] "/c"):
  
actionpack (5.2.3) lib/action_dispatch/middleware/debug_exceptions.rb:65:in `call'
web-console (3.7.0) lib/web_console/middleware.rb:135:in `call_app'
web-console (3.7.0) lib/web_console/middleware.rb:30:in `block in call'
web-console (3.7.0) lib/web_console/middleware.rb:20:in `catch'
web-console (3.7.0) lib/web_console/middleware.rb:20:in `call'
actionpack (5.2.3) lib/action_dispatch/middleware/show_exceptions.rb:33:in `call'
railties (5.2.3) lib/rails/rack/logger.rb:38:in `call_app'
railties (5.2.3) lib/rails/rack/logger.rb:26:in `block in call'
activesupport (5.2.3) lib/active_support/tagged_logging.rb:71:in `block in tagged'
activesupport (5.2.3) lib/active_support/tagged_logging.rb:28:in `tagged'
activesupport (5.2.3) lib/active_support/tagged_logging.rb:71:in `tagged'
railties (5.2.3) lib/rails/rack/logger.rb:26:in `call'
sprockets-rails (3.2.1) lib/sprockets/rails/quiet_assets.rb:13:in `call'
actionpack (5.2.3) lib/action_dispatch/middleware/remote_ip.rb:81:in `call'
actionpack (5.2.3) lib/action_dispatch/middleware/request_id.rb:27:in `call'
rack (2.0.7) lib/rack/method_override.rb:22:in `call'
rack (2.0.7) lib/rack/runtime.rb:22:in `call'
activesupport (5.2.3) lib/active_support/cache/strategy/local_cache_middleware.rb:29:in `call'
actionpack (5.2.3) lib/action_dispatch/middleware/executor.rb:14:in `call'
actionpack (5.2.3) lib/action_dispatch/middleware/static.rb:127:in `call'
rack (2.0.7) lib/rack/sendfile.rb:111:in `call'
railties (5.2.3) lib/rails/engine.rb:524:in `call'
puma (3.12.1) lib/puma/configuration.rb:227:in `call'
puma (3.12.1) lib/puma/server.rb:660:in `handle_request'
puma (3.12.1) lib/puma/server.rb:474:in `process_client'
puma (3.12.1) lib/puma/server.rb:334:in `block in run'
puma (3.12.1) lib/puma/thread_pool.rb:135:in `block in spawn_thread'
Processing by Rails::WelcomeController#index as HTML
  Rendering /Users/aa/.rbenv/versions/2.5.1/lib/ruby/gems/2.5.0/gems/railties-5.2.3/lib/rails/templates/rails/welcome/index.html.erb
  Rendered /Users/aa/.rbenv/versions/2.5.1/lib/ruby/gems/2.5.0/gems/railties-5.2.3/lib/rails/templates/rails/welcome/index.html.erb (4.0ms)
Completed 200 OK in 29ms (Views: 9.6ms | ActiveRecord: 0.0ms)


Started GET "/users/new" for ::1 at 2019-07-05 15:45:56 -0400
Processing by UsersController#new as HTML
  Rendering users/new.html.erb within layouts/application
  Rendered users/new.html.erb within layouts/application (2.1ms)
Completed 200 OK in 730ms (Views: 678.0ms | ActiveRecord: 12.0ms)


Started GET "/users/new" for ::1 at 2019-07-05 16:06:42 -0400
Processing by UsersController#new as HTML
  Rendering users/new.html.erb within layouts/application
  Rendered users/new.html.erb within layouts/application (3.0ms)
Completed 200 OK in 120ms (Views: 104.4ms | ActiveRecord: 0.0ms)


Started GET "/users/new" for ::1 at 2019-07-05 16:08:49 -0400
Processing by UsersController#new as HTML
  Rendering users/new.html.erb within layouts/application
  Rendered users/new.html.erb within layouts/application (393.6ms)
Completed 500 Internal Server Error in 400ms (ActiveRecord: 0.0ms)


  
ActionView::Template::Error (undefined local variable or method `users' for #<#<Class:0x00007fea4797eb98>:0x00007fea49424c68>
Did you mean?  @user):
    1: <h1>Sign Up!</h1>
    2: <form action="<%= users.url %>" method="POST">
    3: <input type="">
    4: </form>
  
app/views/users/new.html.erb:2:in `_app_views_users_new_html_erb___4094778686080072535_70322073014040'
app/controllers/users_controller.rb:4:in `new'
Started GET "/users/new" for ::1 at 2019-07-05 16:09:02 -0400
Processing by UsersController#new as HTML
  Rendering users/new.html.erb within layouts/application
  Rendered users/new.html.erb within layouts/application (0.8ms)
Completed 200 OK in 115ms (Views: 113.6ms | ActiveRecord: 0.0ms)


Started GET "/users/new" for ::1 at 2019-07-05 16:09:35 -0400
Processing by UsersController#new as HTML
  Rendering users/new.html.erb within layouts/application
  Rendered users/new.html.erb within layouts/application (0.5ms)
Completed 200 OK in 28ms (Views: 27.0ms | ActiveRecord: 0.0ms)


Started GET "/users/new" for ::1 at 2019-07-05 16:09:35 -0400
Processing by UsersController#new as HTML
  Rendering users/new.html.erb within layouts/application
  Rendered users/new.html.erb within layouts/application (0.6ms)
Completed 200 OK in 31ms (Views: 29.8ms | ActiveRecord: 0.0ms)


Started GET "/users/new" for ::1 at 2019-07-05 16:09:36 -0400
Processing by UsersController#new as HTML
  Rendering users/new.html.erb within layouts/application
  Rendered users/new.html.erb within layouts/application (0.5ms)
Completed 200 OK in 29ms (Views: 27.4ms | ActiveRecord: 0.0ms)


Started GET "/users/new" for ::1 at 2019-07-05 16:09:39 -0400
Processing by UsersController#new as HTML
  Rendering users/new.html.erb within layouts/application
  Rendered users/new.html.erb within layouts/application (1.8ms)
Completed 200 OK in 38ms (Views: 36.7ms | ActiveRecord: 0.0ms)


Started GET "/users/new" for ::1 at 2019-07-05 16:15:10 -0400
Processing by UsersController#new as HTML
  Rendering users/new.html.erb within layouts/application
  Rendered users/new.html.erb within layouts/application (0.8ms)
Completed 200 OK in 78ms (Views: 76.7ms | ActiveRecord: 0.0ms)


Started POST "/users" for ::1 at 2019-07-05 16:15:21 -0400
Processing by UsersController#create as HTML
  Parameters: {"user"=>{"username"=>"nian", "password"=>"[FILTERED]"}}
Can't verify CSRF token authenticity.
Completed 422 Unprocessable Entity in 1ms (ActiveRecord: 0.0ms)


  
ActionController::InvalidAuthenticityToken (ActionController::InvalidAuthenticityToken):
  
actionpack (5.2.3) lib/action_controller/metal/request_forgery_protection.rb:211:in `handle_unverified_request'
actionpack (5.2.3) lib/action_controller/metal/request_forgery_protection.rb:243:in `handle_unverified_request'
actionpack (5.2.3) lib/action_controller/metal/request_forgery_protection.rb:238:in `verify_authenticity_token'
activesupport (5.2.3) lib/active_support/callbacks.rb:426:in `block in make_lambda'
activesupport (5.2.3) lib/active_support/callbacks.rb:198:in `block (2 levels) in halting'
actionpack (5.2.3) lib/abstract_controller/callbacks.rb:34:in `block (2 levels) in <module:Callbacks>'
activesupport (5.2.3) lib/active_support/callbacks.rb:199:in `block in halting'
activesupport (5.2.3) lib/active_support/callbacks.rb:513:in `block in invoke_before'
activesupport (5.2.3) lib/active_support/callbacks.rb:513:in `each'
activesupport (5.2.3) lib/active_support/callbacks.rb:513:in `invoke_before'
activesupport (5.2.3) lib/active_support/callbacks.rb:131:in `run_callbacks'
actionpack (5.2.3) lib/abstract_controller/callbacks.rb:41:in `process_action'
actionpack (5.2.3) lib/action_controller/metal/rescue.rb:22:in `process_action'
actionpack (5.2.3) lib/action_controller/metal/instrumentation.rb:34:in `block in process_action'
activesupport (5.2.3) lib/active_support/notifications.rb:168:in `block in instrument'
activesupport (5.2.3) lib/active_support/notifications/instrumenter.rb:23:in `instrument'
activesupport (5.2.3) lib/active_support/notifications.rb:168:in `instrument'
actionpack (5.2.3) lib/action_controller/metal/instrumentation.rb:32:in `process_action'
actionpack (5.2.3) lib/action_controller/metal/params_wrapper.rb:256:in `process_action'
activerecord (5.2.3) lib/active_record/railties/controller_runtime.rb:24:in `process_action'
actionpack (5.2.3) lib/abstract_controller/base.rb:134:in `process'
actionview (5.2.3) lib/action_view/rendering.rb:32:in `process'
actionpack (5.2.3) lib/action_controller/metal.rb:191:in `dispatch'
actionpack (5.2.3) lib/action_controller/metal.rb:252:in `dispatch'
actionpack (5.2.3) lib/action_dispatch/routing/route_set.rb:52:in `dispatch'
actionpack (5.2.3) lib/action_dispatch/routing/route_set.rb:34:in `serve'
actionpack (5.2.3) lib/action_dispatch/journey/router.rb:52:in `block in serve'
actionpack (5.2.3) lib/action_dispatch/journey/router.rb:35:in `each'
actionpack (5.2.3) lib/action_dispatch/journey/router.rb:35:in `serve'
actionpack (5.2.3) lib/action_dispatch/routing/route_set.rb:840:in `call'
rack (2.0.7) lib/rack/tempfile_reaper.rb:15:in `call'
rack (2.0.7) lib/rack/etag.rb:25:in `call'
rack (2.0.7) lib/rack/conditional_get.rb:38:in `call'
rack (2.0.7) lib/rack/head.rb:12:in `call'
actionpack (5.2.3) lib/action_dispatch/http/content_security_policy.rb:18:in `call'
rack (2.0.7) lib/rack/session/abstract/id.rb:232:in `context'
rack (2.0.7) lib/rack/session/abstract/id.rb:226:in `call'
actionpack (5.2.3) lib/action_dispatch/middleware/cookies.rb:670:in `call'
activerecord (5.2.3) lib/active_record/migration.rb:559:in `call'
actionpack (5.2.3) lib/action_dispatch/middleware/callbacks.rb:28:in `block in call'
activesupport (5.2.3) lib/active_support/callbacks.rb:98:in `run_callbacks'
actionpack (5.2.3) lib/action_dispatch/middleware/callbacks.rb:26:in `call'
actionpack (5.2.3) lib/action_dispatch/middleware/executor.rb:14:in `call'
actionpack (5.2.3) lib/action_dispatch/middleware/debug_exceptions.rb:61:in `call'
web-console (3.7.0) lib/web_console/middleware.rb:135:in `call_app'
web-console (3.7.0) lib/web_console/middleware.rb:30:in `block in call'
web-console (3.7.0) lib/web_console/middleware.rb:20:in `catch'
web-console (3.7.0) lib/web_console/middleware.rb:20:in `call'
actionpack (5.2.3) lib/action_dispatch/middleware/show_exceptions.rb:33:in `call'
railties (5.2.3) lib/rails/rack/logger.rb:38:in `call_app'
railties (5.2.3) lib/rails/rack/logger.rb:26:in `block in call'
activesupport (5.2.3) lib/active_support/tagged_logging.rb:71:in `block in tagged'
activesupport (5.2.3) lib/active_support/tagged_logging.rb:28:in `tagged'
activesupport (5.2.3) lib/active_support/tagged_logging.rb:71:in `tagged'
railties (5.2.3) lib/rails/rack/logger.rb:26:in `call'
sprockets-rails (3.2.1) lib/sprockets/rails/quiet_assets.rb:13:in `call'
actionpack (5.2.3) lib/action_dispatch/middleware/remote_ip.rb:81:in `call'
actionpack (5.2.3) lib/action_dispatch/middleware/request_id.rb:27:in `call'
rack (2.0.7) lib/rack/method_override.rb:22:in `call'
rack (2.0.7) lib/rack/runtime.rb:22:in `call'
activesupport (5.2.3) lib/active_support/cache/strategy/local_cache_middleware.rb:29:in `call'
actionpack (5.2.3) lib/action_dispatch/middleware/executor.rb:14:in `call'
actionpack (5.2.3) lib/action_dispatch/middleware/static.rb:127:in `call'
rack (2.0.7) lib/rack/sendfile.rb:111:in `call'
railties (5.2.3) lib/rails/engine.rb:524:in `call'
puma (3.12.1) lib/puma/configuration.rb:227:in `call'
puma (3.12.1) lib/puma/server.rb:660:in `handle_request'
puma (3.12.1) lib/puma/server.rb:474:in `process_client'
puma (3.12.1) lib/puma/server.rb:334:in `block in run'
puma (3.12.1) lib/puma/thread_pool.rb:135:in `block in spawn_thread'
Started GET "/users/new" for ::1 at 2019-07-05 16:15:56 -0400
Processing by UsersController#new as HTML
  Rendering users/new.html.erb within layouts/application
  Rendered users/new.html.erb within layouts/application (1.0ms)
Completed 200 OK in 79ms (Views: 78.7ms | ActiveRecord: 0.0ms)


Started POST "/users" for ::1 at 2019-07-05 16:16:01 -0400
Processing by UsersController#create as HTML
  Parameters: {"authenticity_token"=>"lVZ7ppcBVL8CT2Z9xuVxIvxCkmPPGEtBwTk/TK0RktiMTEV0N42H1wgs119H+pv8YQydo7W4uaZr0aAJHx5Z2g==", "user"=>{"username"=>"nian", "password"=>"[FILTERED]"}}
  [1m[35m (0.2ms)[0m  [1m[35mBEGIN[0m
  ↳ app/controllers/users_controller.rb:9
  [1m[36mUser Exists (24.2ms)[0m  [1m[34mSELECT  1 AS one FROM "users" WHERE "users"."username" = $1 LIMIT $2[0m  [["username", "nian"], ["LIMIT", 1]]
  ↳ app/controllers/users_controller.rb:9
  [1m[36mUser Exists (0.6ms)[0m  [1m[34mSELECT  1 AS one FROM "users" WHERE "users"."session_token" = $1 LIMIT $2[0m  [["session_token", "SbMXMpkvl0gR9VlSMsKjZQ"], ["LIMIT", 1]]
  ↳ app/controllers/users_controller.rb:9
  [1m[36mUser Create (12.1ms)[0m  [1m[32mINSERT INTO "users" ("username", "session_token", "password_digest", "created_at", "updated_at") VALUES ($1, $2, $3, $4, $5) RETURNING "id"[0m  [["username", "nian"], ["session_token", "SbMXMpkvl0gR9VlSMsKjZQ"], ["password_digest", "$2a$12$7lrFrU0YAW2519Fs55Onre28zSSM3YvlJ2e6xNUhUVF/H625Xjcyq"], ["created_at", "2019-07-05 20:16:01.910042"], ["updated_at", "2019-07-05 20:16:01.910042"]]
  ↳ app/controllers/users_controller.rb:9
  [1m[35m (10.1ms)[0m  [1m[35mCOMMIT[0m
  ↳ app/controllers/users_controller.rb:9
  [1m[35m (0.4ms)[0m  [1m[35mBEGIN[0m
  ↳ app/models/user.rb:32
  [1m[36mUser Exists (1.0ms)[0m  [1m[34mSELECT  1 AS one FROM "users" WHERE "users"."username" = $1 AND "users"."id" != $2 LIMIT $3[0m  [["username", "nian"], ["id", 1], ["LIMIT", 1]]
  ↳ app/models/user.rb:32
  [1m[36mUser Exists (1.1ms)[0m  [1m[34mSELECT  1 AS one FROM "users" WHERE "users"."session_token" = $1 AND "users"."id" != $2 LIMIT $3[0m  [["session_token", "eCCtOMBybKZyaWqfsW6buQ"], ["id", 1], ["LIMIT", 1]]
  ↳ app/models/user.rb:32
  [1m[36mUser Update (0.8ms)[0m  [1m[33mUPDATE "users" SET "session_token" = $1, "updated_at" = $2 WHERE "users"."id" = $3[0m  [["session_token", "eCCtOMBybKZyaWqfsW6buQ"], ["updated_at", "2019-07-05 20:16:01.941466"], ["id", 1]]
  ↳ app/models/user.rb:32
  [1m[35m (0.6ms)[0m  [1m[35mCOMMIT[0m
  ↳ app/models/user.rb:32
Redirected to http://localhost:3000/users/1
Completed 302 Found in 427ms (ActiveRecord: 51.1ms)


Started GET "/users/1" for ::1 at 2019-07-05 16:16:01 -0400
Processing by UsersController#show as HTML
  Parameters: {"id"=>"1"}
  [1m[36mUser Load (0.4ms)[0m  [1m[34mSELECT  "users".* FROM "users" WHERE "users"."id" = $1 LIMIT $2[0m  [["id", 1], ["LIMIT", 1]]
  ↳ app/controllers/users_controller.rb:21
  Rendering users/show.html.erb within layouts/application
  [1m[36mUser Load (0.8ms)[0m  [1m[34mSELECT  "users".* FROM "users" WHERE "users"."session_token" = $1 LIMIT $2[0m  [["session_token", "eCCtOMBybKZyaWqfsW6buQ"], ["LIMIT", 1]]
  ↳ app/controllers/application_controller.rb:5
  Rendered users/show.html.erb within layouts/application (3.2ms)
Completed 200 OK in 47ms (Views: 29.5ms | ActiveRecord: 1.4ms)


Started GET "/users/new" for ::1 at 2019-07-05 16:17:58 -0400
Processing by UsersController#new as HTML
  Rendering users/new.html.erb within layouts/application
  Rendered users/new.html.erb within layouts/application (0.7ms)
Completed 200 OK in 52ms (Views: 50.9ms | ActiveRecord: 0.0ms)


Started POST "/users" for ::1 at 2019-07-05 16:18:04 -0400
Processing by UsersController#create as HTML
  Parameters: {"authenticity_token"=>"VohoQgtio3ZEZ0wSMq+U8JwS0cEhhUpxRp5BhTowCMtPklaQq+5wHk4E/TCzsH4uAVzeAVsluJbsdt7AiD/DyQ==", "user"=>{"username"=>"nianhu", "password"=>"[FILTERED]"}}
  [1m[35m (0.2ms)[0m  [1m[35mBEGIN[0m
  ↳ app/controllers/users_controller.rb:9
  [1m[36mUser Exists (0.5ms)[0m  [1m[34mSELECT  1 AS one FROM "users" WHERE "users"."username" = $1 LIMIT $2[0m  [["username", "nianhu"], ["LIMIT", 1]]
  ↳ app/controllers/users_controller.rb:9
  [1m[36mUser Exists (0.6ms)[0m  [1m[34mSELECT  1 AS one FROM "users" WHERE "users"."session_token" = $1 LIMIT $2[0m  [["session_token", "lDtrC3t9SCYoEs8of6b6NQ"], ["LIMIT", 1]]
  ↳ app/controllers/users_controller.rb:9
  [1m[36mUser Create (0.6ms)[0m  [1m[32mINSERT INTO "users" ("username", "session_token", "password_digest", "created_at", "updated_at") VALUES ($1, $2, $3, $4, $5) RETURNING "id"[0m  [["username", "nianhu"], ["session_token", "lDtrC3t9SCYoEs8of6b6NQ"], ["password_digest", "$2a$12$6RSPszfUm37xnEsv3ddlGeZ2IpXtSiW0Hvnriwjy/dXhAe0nvRzBS"], ["created_at", "2019-07-05 20:18:04.764720"], ["updated_at", "2019-07-05 20:18:04.764720"]]
  ↳ app/controllers/users_controller.rb:9
  [1m[35m (1.4ms)[0m  [1m[35mCOMMIT[0m
  ↳ app/controllers/users_controller.rb:9
  [1m[35m (0.2ms)[0m  [1m[35mBEGIN[0m
  ↳ app/models/user.rb:32
  [1m[36mUser Exists (0.5ms)[0m  [1m[34mSELECT  1 AS one FROM "users" WHERE "users"."username" = $1 AND "users"."id" != $2 LIMIT $3[0m  [["username", "nianhu"], ["id", 2], ["LIMIT", 1]]
  ↳ app/models/user.rb:32
  [1m[36mUser Exists (0.5ms)[0m  [1m[34mSELECT  1 AS one FROM "users" WHERE "users"."session_token" = $1 AND "users"."id" != $2 LIMIT $3[0m  [["session_token", "xLs59aRgaRPEaYd8BGjIRA"], ["id", 2], ["LIMIT", 1]]
  ↳ app/models/user.rb:32
  [1m[36mUser Update (0.6ms)[0m  [1m[33mUPDATE "users" SET "session_token" = $1, "updated_at" = $2 WHERE "users"."id" = $3[0m  [["session_token", "xLs59aRgaRPEaYd8BGjIRA"], ["updated_at", "2019-07-05 20:18:04.772026"], ["id", 2]]
  ↳ app/models/user.rb:32
  [1m[35m (9.2ms)[0m  [1m[35mCOMMIT[0m
  ↳ app/models/user.rb:32
Redirected to http://localhost:3000/users/2
Completed 302 Found in 324ms (ActiveRecord: 14.4ms)


Started GET "/users/2" for ::1 at 2019-07-05 16:18:04 -0400
Processing by UsersController#show as HTML
  Parameters: {"id"=>"2"}
  [1m[36mUser Load (0.5ms)[0m  [1m[34mSELECT  "users".* FROM "users" WHERE "users"."id" = $1 LIMIT $2[0m  [["id", 2], ["LIMIT", 1]]
  ↳ app/controllers/users_controller.rb:21
  Rendering users/show.html.erb within layouts/application
  [1m[36mUser Load (0.5ms)[0m  [1m[34mSELECT  "users".* FROM "users" WHERE "users"."session_token" = $1 LIMIT $2[0m  [["session_token", "xLs59aRgaRPEaYd8BGjIRA"], ["LIMIT", 1]]
  ↳ app/controllers/application_controller.rb:5
  Rendered users/show.html.erb within layouts/application (1.8ms)
Completed 200 OK in 24ms (Views: 21.6ms | ActiveRecord: 1.0ms)


Started GET "/users/new" for ::1 at 2019-07-05 16:19:12 -0400
Processing by UsersController#new as HTML
  Rendering users/new.html.erb within layouts/application
  Rendered users/new.html.erb within layouts/application (0.7ms)
Completed 200 OK in 27ms (Views: 25.5ms | ActiveRecord: 0.0ms)


Started GET "/users/new" for ::1 at 2019-07-05 16:19:13 -0400
Processing by UsersController#new as HTML
  Rendering users/new.html.erb within layouts/application
  Rendered users/new.html.erb within layouts/application (0.9ms)
Completed 200 OK in 22ms (Views: 20.3ms | ActiveRecord: 0.0ms)


Started GET "/users/new" for ::1 at 2019-07-05 16:37:43 -0400
Processing by UsersController#new as HTML
  Rendering users/new.html.erb within layouts/application
  Rendered users/new.html.erb within layouts/application (6.6ms)
Completed 200 OK in 112ms (Views: 103.9ms | ActiveRecord: 0.0ms)


Started POST "/users" for ::1 at 2019-07-05 16:37:55 -0400
Processing by UsersController#create as HTML
  Parameters: {"authenticity_token"=>"LDnJZa3UK6UhNW1VYS00kYqKk+lm8EA8vF9cXaEo71I1I/e3DVj4zStW3HfgMt5PF8ScKRxQstsWt8MYEyckUA==", "user"=>{"username"=>"nian123", "password"=>"[FILTERED]"}}
  [1m[35m (0.3ms)[0m  [1m[35mBEGIN[0m
  ↳ app/controllers/users_controller.rb:9
  [1m[36mUser Exists (1.8ms)[0m  [1m[34mSELECT  1 AS one FROM "users" WHERE "users"."username" = $1 LIMIT $2[0m  [["username", "nian123"], ["LIMIT", 1]]
  ↳ app/controllers/users_controller.rb:9
  [1m[36mUser Exists (0.5ms)[0m  [1m[34mSELECT  1 AS one FROM "users" WHERE "users"."session_token" = $1 LIMIT $2[0m  [["session_token", "dqtc7w8Ns6oZx8LV41e4rg"], ["LIMIT", 1]]
  ↳ app/controllers/users_controller.rb:9
  [1m[36mUser Create (1.0ms)[0m  [1m[32mINSERT INTO "users" ("username", "session_token", "password_digest", "created_at", "updated_at") VALUES ($1, $2, $3, $4, $5) RETURNING "id"[0m  [["username", "nian123"], ["session_token", "dqtc7w8Ns6oZx8LV41e4rg"], ["password_digest", "$2a$12$SqsX3VWsiDsiy51u20JgQ.XqZqxtC2ynv.cuImY924urha18oKCza"], ["created_at", "2019-07-05 20:37:56.171701"], ["updated_at", "2019-07-05 20:37:56.171701"]]
  ↳ app/controllers/users_controller.rb:9
  [1m[35m (0.7ms)[0m  [1m[35mCOMMIT[0m
  ↳ app/controllers/users_controller.rb:9
  [1m[35m (0.2ms)[0m  [1m[35mBEGIN[0m
  ↳ app/models/user.rb:32
  [1m[36mUser Exists (0.7ms)[0m  [1m[34mSELECT  1 AS one FROM "users" WHERE "users"."username" = $1 AND "users"."id" != $2 LIMIT $3[0m  [["username", "nian123"], ["id", 3], ["LIMIT", 1]]
  ↳ app/models/user.rb:32
  [1m[36mUser Exists (0.6ms)[0m  [1m[34mSELECT  1 AS one FROM "users" WHERE "users"."session_token" = $1 AND "users"."id" != $2 LIMIT $3[0m  [["session_token", "pk04jCLqxuGr1-aVqZ2fjg"], ["id", 3], ["LIMIT", 1]]
  ↳ app/models/user.rb:32
  [1m[36mUser Update (0.8ms)[0m  [1m[33mUPDATE "users" SET "session_token" = $1, "updated_at" = $2 WHERE "users"."id" = $3[0m  [["session_token", "pk04jCLqxuGr1-aVqZ2fjg"], ["updated_at", "2019-07-05 20:37:56.182297"], ["id", 3]]
  ↳ app/models/user.rb:32
  [1m[35m (0.6ms)[0m  [1m[35mCOMMIT[0m
  ↳ app/models/user.rb:32
Redirected to http://localhost:3000/users/3
Completed 302 Found in 332ms (ActiveRecord: 7.0ms)


Started GET "/users/3" for ::1 at 2019-07-05 16:37:56 -0400
Processing by UsersController#show as HTML
  Parameters: {"id"=>"3"}
  [1m[36mUser Load (0.5ms)[0m  [1m[34mSELECT  "users".* FROM "users" WHERE "users"."id" = $1 LIMIT $2[0m  [["id", 3], ["LIMIT", 1]]
  ↳ app/controllers/users_controller.rb:21
  Rendering users/show.html.erb within layouts/application
  [1m[36mUser Load (0.6ms)[0m  [1m[34mSELECT  "users".* FROM "users" WHERE "users"."session_token" = $1 LIMIT $2[0m  [["session_token", "pk04jCLqxuGr1-aVqZ2fjg"], ["LIMIT", 1]]
  ↳ app/controllers/application_controller.rb:5
  Rendered users/show.html.erb within layouts/application (3.3ms)
Completed 200 OK in 66ms (Views: 61.5ms | ActiveRecord: 1.4ms)


Started GET "/users/new" for ::1 at 2019-07-05 16:38:20 -0400
Processing by UsersController#new as HTML
  Rendering users/new.html.erb within layouts/application
  Rendered users/new.html.erb within layouts/application (1.3ms)
Completed 200 OK in 49ms (Views: 48.4ms | ActiveRecord: 0.0ms)


Started POST "/users" for ::1 at 2019-07-05 16:38:28 -0400
Processing by UsersController#create as HTML
  Parameters: {"authenticity_token"=>"6+teShj89XeQvZCldfl8InF/D9Gvkny8bS2PagXYdVTy8WCYuHAmH5reIYf05pb87DEAEdUyjlvHxRAvt9e+Vg==", "user"=>{"username"=>"nian123", "password"=>"[FILTERED]"}}
  [1m[35m (0.3ms)[0m  [1m[35mBEGIN[0m
  ↳ app/controllers/users_controller.rb:9
  [1m[36mUser Exists (43.4ms)[0m  [1m[34mSELECT  1 AS one FROM "users" WHERE "users"."username" = $1 LIMIT $2[0m  [["username", "nian123"], ["LIMIT", 1]]
  ↳ app/controllers/users_controller.rb:9
  [1m[36mUser Exists (0.9ms)[0m  [1m[34mSELECT  1 AS one FROM "users" WHERE "users"."session_token" = $1 LIMIT $2[0m  [["session_token", "Fm8_vUJbZ8C1_bfoslLUPQ"], ["LIMIT", 1]]
  ↳ app/controllers/users_controller.rb:9
  [1m[35m (0.4ms)[0m  [1m[31mROLLBACK[0m
  ↳ app/controllers/users_controller.rb:9
  Rendering users/new.html.erb within layouts/application
  Rendered users/new.html.erb within layouts/application (0.9ms)
Completed 200 OK in 458ms (Views: 44.9ms | ActiveRecord: 45.0ms)


Started POST "/users" for ::1 at 2019-07-05 16:38:32 -0400
Processing by UsersController#create as HTML
  Parameters: {"authenticity_token"=>"yYc+kAokVgiXk90sUdkKyXuUGa4Umgk4PlrJmJgYbATQnQBCqqiFYJ3wbA7QxuAX5toWbm46+9+UslbdKhenBg==", "user"=>{"username"=>"nian123", "password"=>"[FILTERED]"}}
  [1m[35m (0.3ms)[0m  [1m[35mBEGIN[0m
  ↳ app/controllers/users_controller.rb:9
  [1m[36mUser Exists (0.7ms)[0m  [1m[34mSELECT  1 AS one FROM "users" WHERE "users"."username" = $1 LIMIT $2[0m  [["username", "nian123"], ["LIMIT", 1]]
  ↳ app/controllers/users_controller.rb:9
  [1m[36mUser Exists (0.6ms)[0m  [1m[34mSELECT  1 AS one FROM "users" WHERE "users"."session_token" = $1 LIMIT $2[0m  [["session_token", "2btNKQIeUpF95DVyIiSmaQ"], ["LIMIT", 1]]
  ↳ app/controllers/users_controller.rb:9
  [1m[35m (0.2ms)[0m  [1m[31mROLLBACK[0m
  ↳ app/controllers/users_controller.rb:9
  Rendering users/new.html.erb within layouts/application
  Rendered users/new.html.erb within layouts/application (0.8ms)
Completed 200 OK in 343ms (Views: 25.0ms | ActiveRecord: 1.8ms)


Started POST "/users" for ::1 at 2019-07-05 16:38:35 -0400
Processing by UsersController#create as HTML
  Parameters: {"authenticity_token"=>"MbtBKTrMjvbH7YWmL4CJJVl5Amma7MHvM3Raf1NcXN0ooX/7mkBdns2ONISun2P7xDcNqeBMMwiZnMU64VOX3w==", "user"=>{"username"=>"nian123", "password"=>"[FILTERED]"}}
  [1m[35m (0.2ms)[0m  [1m[35mBEGIN[0m
  ↳ app/controllers/users_controller.rb:9
  [1m[36mUser Exists (0.8ms)[0m  [1m[34mSELECT  1 AS one FROM "users" WHERE "users"."username" = $1 LIMIT $2[0m  [["username", "nian123"], ["LIMIT", 1]]
  ↳ app/controllers/users_controller.rb:9
  [1m[36mUser Exists (0.7ms)[0m  [1m[34mSELECT  1 AS one FROM "users" WHERE "users"."session_token" = $1 LIMIT $2[0m  [["session_token", "yot_hK9cpjg0-9b82FD7yA"], ["LIMIT", 1]]
  ↳ app/controllers/users_controller.rb:9
  [1m[35m (0.3ms)[0m  [1m[31mROLLBACK[0m
  ↳ app/controllers/users_controller.rb:9
  Rendering users/new.html.erb within layouts/application
  Rendered users/new.html.erb within layouts/application (0.9ms)
Completed 200 OK in 1467ms (Views: 1146.5ms | ActiveRecord: 2.0ms)


Started POST "/users" for ::1 at 2019-07-05 16:43:25 -0400
Processing by UsersController#create as HTML
  Parameters: {"authenticity_token"=>"1WJ8GanEHcvSolnG7tiKcuhYBJ7QVBHSLrtpkw/hTYvMeELLCUjOo9jB6ORvx2CsdRYLXqr04zWEU/bWve6GiQ==", "user"=>{"username"=>"nian123", "password"=>"[FILTERED]"}}
  [1m[35m (0.5ms)[0m  [1m[35mBEGIN[0m
  ↳ app/controllers/users_controller.rb:9
  [1m[36mUser Exists (1.9ms)[0m  [1m[34mSELECT  1 AS one FROM "users" WHERE "users"."username" = $1 LIMIT $2[0m  [["username", "nian123"], ["LIMIT", 1]]
  ↳ app/controllers/users_controller.rb:9
  [1m[36mUser Exists (0.9ms)[0m  [1m[34mSELECT  1 AS one FROM "users" WHERE "users"."session_token" = $1 LIMIT $2[0m  [["session_token", "o_NXLCO-kN2qeCWY2GJfkw"], ["LIMIT", 1]]
  ↳ app/controllers/users_controller.rb:9
  [1m[35m (0.3ms)[0m  [1m[31mROLLBACK[0m
  ↳ app/controllers/users_controller.rb:9
  Rendering users/new.html.erb within layouts/application
  Rendered users/new.html.erb within layouts/application (11.8ms)
Completed 200 OK in 588ms (Views: 239.6ms | ActiveRecord: 3.6ms)


Started GET "/session/new" for ::1 at 2019-07-05 16:47:51 -0400
Processing by SessionsController#new as HTML
  Rendering sessions/new.html.erb within layouts/application
  Rendered sessions/new.html.erb within layouts/application (4.7ms)
Completed 500 Internal Server Error in 39ms (ActiveRecord: 0.0ms)


  
ActionView::Template::Error (undefined method `username' for nil:NilClass):
    4: 
    5: <label for="username">
    6: Username
    7: <input type="text" id="username" name="user[username]" value="<%= @user.username %>">
    8: </label>
    9: 
   10: <label for="password">
  
app/views/sessions/new.html.erb:7:in `_app_views_sessions_new_html_erb__2243721996496317974_70322103102180'
app/controllers/sessions_controller.rb:3:in `new'
Started GET "/users" for ::1 at 2019-07-05 16:48:32 -0400
Processing by UsersController#index as HTML
  Rendering users/index.html.erb within layouts/application
  Rendered users/index.html.erb within layouts/application (0.5ms)
Completed 200 OK in 67ms (Views: 51.3ms | ActiveRecord: 0.0ms)


Started GET "/users/nnew" for ::1 at 2019-07-05 16:48:48 -0400
Processing by UsersController#show as HTML
  Parameters: {"id"=>"nnew"}
  [1m[36mUser Load (0.4ms)[0m  [1m[34mSELECT  "users".* FROM "users" WHERE "users"."id" = $1 LIMIT $2[0m  [["id", 0], ["LIMIT", 1]]
  ↳ app/controllers/users_controller.rb:21
Completed 404 Not Found in 57ms (ActiveRecord: 52.9ms)


  
ActiveRecord::RecordNotFound (Couldn't find User with 'id'=nnew):
  
app/controllers/users_controller.rb:21:in `show'
Started GET "/users/new" for ::1 at 2019-07-05 16:48:51 -0400
Processing by UsersController#new as HTML
  Rendering users/new.html.erb within layouts/application
  Rendered users/new.html.erb within layouts/application (0.8ms)
Completed 200 OK in 90ms (Views: 78.0ms | ActiveRecord: 0.0ms)


Started POST "/users" for ::1 at 2019-07-05 16:53:47 -0400
Processing by UsersController#create as HTML
  Parameters: {"authenticity_token"=>"Mxkv0+lVly189566FsB+aQaoETCDVS5wnThdl+jy7GQqAxEBSdlERXaUL5iX35S3m+Ye8Pn13Jc30MLSWv0nZg==", "user"=>{"username"=>"nian4", "password"=>"[FILTERED]"}}
  [1m[35m (0.2ms)[0m  [1m[35mBEGIN[0m
  ↳ app/controllers/users_controller.rb:9
  [1m[36mUser Exists (0.8ms)[0m  [1m[34mSELECT  1 AS one FROM "users" WHERE "users"."username" = $1 LIMIT $2[0m  [["username", "nian4"], ["LIMIT", 1]]
  ↳ app/controllers/users_controller.rb:9
  [1m[36mUser Exists (0.5ms)[0m  [1m[34mSELECT  1 AS one FROM "users" WHERE "users"."session_token" = $1 LIMIT $2[0m  [["session_token", "t4jEuUxH0QJsNQnAFzGhlw"], ["LIMIT", 1]]
  ↳ app/controllers/users_controller.rb:9
  [1m[36mUser Create (0.7ms)[0m  [1m[32mINSERT INTO "users" ("username", "session_token", "password_digest", "created_at", "updated_at") VALUES ($1, $2, $3, $4, $5) RETURNING "id"[0m  [["username", "nian4"], ["session_token", "t4jEuUxH0QJsNQnAFzGhlw"], ["password_digest", "$2a$12$2gjqBMpMZIjXFqfq.JXAx.UnrIv/WF.YwrDnQ6NYuAgiQMZ5zZao."], ["created_at", "2019-07-05 20:53:47.573725"], ["updated_at", "2019-07-05 20:53:47.573725"]]
  ↳ app/controllers/users_controller.rb:9
  [1m[35m (60.5ms)[0m  [1m[35mCOMMIT[0m
  ↳ app/controllers/users_controller.rb:9
  [1m[35m (0.3ms)[0m  [1m[35mBEGIN[0m
  ↳ app/models/user.rb:32
  [1m[36mUser Exists (1.1ms)[0m  [1m[34mSELECT  1 AS one FROM "users" WHERE "users"."username" = $1 AND "users"."id" != $2 LIMIT $3[0m  [["username", "nian4"], ["id", 4], ["LIMIT", 1]]
  ↳ app/models/user.rb:32
  [1m[36mUser Exists (0.6ms)[0m  [1m[34mSELECT  1 AS one FROM "users" WHERE "users"."session_token" = $1 AND "users"."id" != $2 LIMIT $3[0m  [["session_token", "trqhofpKKnG8MqC7VETJOg"], ["id", 4], ["LIMIT", 1]]
  ↳ app/models/user.rb:32
  [1m[36mUser Update (0.7ms)[0m  [1m[33mUPDATE "users" SET "session_token" = $1, "updated_at" = $2 WHERE "users"."id" = $3[0m  [["session_token", "trqhofpKKnG8MqC7VETJOg"], ["updated_at", "2019-07-05 20:53:47.645028"], ["id", 4]]
  ↳ app/models/user.rb:32
  [1m[35m (0.6ms)[0m  [1m[35mCOMMIT[0m
  ↳ app/models/user.rb:32
Redirected to http://localhost:3000/users/4
Completed 302 Found in 379ms (ActiveRecord: 66.0ms)


Started GET "/users/4" for ::1 at 2019-07-05 16:53:47 -0400
Processing by UsersController#show as HTML
  Parameters: {"id"=>"4"}
  [1m[36mUser Load (0.5ms)[0m  [1m[34mSELECT  "users".* FROM "users" WHERE "users"."id" = $1 LIMIT $2[0m  [["id", 4], ["LIMIT", 1]]
  ↳ app/controllers/users_controller.rb:21
  Rendering users/show.html.erb within layouts/application
  [1m[36mUser Load (0.6ms)[0m  [1m[34mSELECT  "users".* FROM "users" WHERE "users"."session_token" = $1 LIMIT $2[0m  [["session_token", "trqhofpKKnG8MqC7VETJOg"], ["LIMIT", 1]]
  ↳ app/controllers/application_controller.rb:5
  Rendered users/show.html.erb within layouts/application (3.2ms)
Completed 200 OK in 104ms (Views: 100.6ms | ActiveRecord: 1.1ms)


Started GET "/session/new" for ::1 at 2019-07-05 16:58:52 -0400
Processing by SessionsController#new as HTML
  Rendering sessions/new.html.erb within layouts/application
  Rendered sessions/new.html.erb within layouts/application (4.0ms)
Completed 200 OK in 111ms (Views: 103.3ms | ActiveRecord: 0.0ms)


Started GET "/session/new" for ::1 at 2019-07-05 17:02:01 -0400
Processing by SessionsController#new as HTML
  Rendering sessions/new.html.erb within layouts/application
  Rendered sessions/new.html.erb within layouts/application (0.8ms)
Completed 200 OK in 133ms (Views: 101.2ms | ActiveRecord: 9.7ms)


Started POST "/session" for ::1 at 2019-07-05 17:02:08 -0400
Processing by SessionsController#create as HTML
  Parameters: {"authenticity_token"=>"4pfMzUvkLEnRbeiTyIP4z2YVQHD76Glj7raccRBzHgX7jfIf62j/IdsOWbFJnBIR+1tPsIFIm4REXgM0onzVBw==", "user"=>{"username"=>"nian", "password"=>"[FILTERED]"}}
  [1m[35m (0.2ms)[0m  [1m[35mBEGIN[0m
  ↳ app/models/user.rb:32
  [1m[36mUser Exists (0.7ms)[0m  [1m[34mSELECT  1 AS one FROM "users" WHERE "users"."username" = $1 LIMIT $2[0m  [["username", "nian"], ["LIMIT", 1]]
  ↳ app/models/user.rb:32
  [1m[36mUser Exists (0.6ms)[0m  [1m[34mSELECT  1 AS one FROM "users" WHERE "users"."session_token" = $1 LIMIT $2[0m  [["session_token", "LOmwiaez_s2hXOls4dfVAA"], ["LIMIT", 1]]
  ↳ app/models/user.rb:32
  [1m[35m (0.2ms)[0m  [1m[31mROLLBACK[0m
  ↳ app/models/user.rb:32
Completed 422 Unprocessable Entity in 319ms (ActiveRecord: 1.7ms)


  
ActiveRecord::RecordInvalid (Validation failed: Username has already been taken):
  
app/models/user.rb:32:in `reset_session_token!'
app/controllers/application_controller.rb:17:in `login!'
app/controllers/sessions_controller.rb:10:in `create'
Started GET "/users/new" for ::1 at 2019-07-05 17:02:32 -0400
Processing by UsersController#new as HTML
  Rendering users/new.html.erb within layouts/application
  Rendered users/new.html.erb within layouts/application (0.9ms)
Completed 200 OK in 131ms (Views: 130.4ms | ActiveRecord: 0.0ms)


Started POST "/users" for ::1 at 2019-07-05 17:02:42 -0400
Processing by UsersController#create as HTML
  Parameters: {"authenticity_token"=>"ekGz51V0zdMg75jfVbLXAe0KoLCGH0H6YVyn2G3EIh5jW4019fgeuyqMKf3UrT3fcESvcPy/sx3LtDid38vpHA==", "user"=>{"username"=>"username", "password"=>"[FILTERED]"}}
  [1m[35m (0.2ms)[0m  [1m[35mBEGIN[0m
  ↳ app/controllers/users_controller.rb:9
  [1m[36mUser Exists (0.6ms)[0m  [1m[34mSELECT  1 AS one FROM "users" WHERE "users"."username" = $1 LIMIT $2[0m  [["username", "username"], ["LIMIT", 1]]
  ↳ app/controllers/users_controller.rb:9
  [1m[36mUser Exists (0.9ms)[0m  [1m[34mSELECT  1 AS one FROM "users" WHERE "users"."session_token" = $1 LIMIT $2[0m  [["session_token", "8qjgtupgR_33AR5_Tyan5A"], ["LIMIT", 1]]
  ↳ app/controllers/users_controller.rb:9
  [1m[36mUser Create (0.7ms)[0m  [1m[32mINSERT INTO "users" ("username", "session_token", "password_digest", "created_at", "updated_at") VALUES ($1, $2, $3, $4, $5) RETURNING "id"[0m  [["username", "username"], ["session_token", "8qjgtupgR_33AR5_Tyan5A"], ["password_digest", "$2a$12$tVWSGeFhdlrl0GPwz1haLO2epl0P.meH9WyQQePAsNYbWr8p6aJ7K"], ["created_at", "2019-07-05 21:02:42.557315"], ["updated_at", "2019-07-05 21:02:42.557315"]]
  ↳ app/controllers/users_controller.rb:9
  [1m[35m (18.1ms)[0m  [1m[35mCOMMIT[0m
  ↳ app/controllers/users_controller.rb:9
  [1m[35m (0.3ms)[0m  [1m[35mBEGIN[0m
  ↳ app/models/user.rb:32
  [1m[36mUser Exists (0.7ms)[0m  [1m[34mSELECT  1 AS one FROM "users" WHERE "users"."username" = $1 AND "users"."id" != $2 LIMIT $3[0m  [["username", "username"], ["id", 5], ["LIMIT", 1]]
  ↳ app/models/user.rb:32
  [1m[36mUser Exists (0.6ms)[0m  [1m[34mSELECT  1 AS one FROM "users" WHERE "users"."session_token" = $1 AND "users"."id" != $2 LIMIT $3[0m  [["session_token", "rN5SU5NkSG48xSp0ORkxQA"], ["id", 5], ["LIMIT", 1]]
  ↳ app/models/user.rb:32
  [1m[36mUser Update (0.7ms)[0m  [1m[33mUPDATE "users" SET "session_token" = $1, "updated_at" = $2 WHERE "users"."id" = $3[0m  [["session_token", "rN5SU5NkSG48xSp0ORkxQA"], ["updated_at", "2019-07-05 21:02:42.583525"], ["id", 5]]
  ↳ app/models/user.rb:32
  [1m[35m (0.5ms)[0m  [1m[35mCOMMIT[0m
  ↳ app/models/user.rb:32
Redirected to http://localhost:3000/users/5
Completed 302 Found in 340ms (ActiveRecord: 23.3ms)


Started GET "/users/5" for ::1 at 2019-07-05 17:02:42 -0400
Processing by UsersController#show as HTML
  Parameters: {"id"=>"5"}
  [1m[36mUser Load (0.6ms)[0m  [1m[34mSELECT  "users".* FROM "users" WHERE "users"."id" = $1 LIMIT $2[0m  [["id", 5], ["LIMIT", 1]]
  ↳ app/controllers/users_controller.rb:21
  Rendering users/show.html.erb within layouts/application
  [1m[36mUser Load (0.6ms)[0m  [1m[34mSELECT  "users".* FROM "users" WHERE "users"."session_token" = $1 LIMIT $2[0m  [["session_token", "rN5SU5NkSG48xSp0ORkxQA"], ["LIMIT", 1]]
  ↳ app/controllers/application_controller.rb:5
  Rendered users/show.html.erb within layouts/application (2.7ms)
Completed 200 OK in 42ms (Views: 37.8ms | ActiveRecord: 1.2ms)


Started GET "/session/new" for ::1 at 2019-07-05 17:02:49 -0400
Processing by SessionsController#new as HTML
  Rendering sessions/new.html.erb within layouts/application
  Rendered sessions/new.html.erb within layouts/application (1.1ms)
Completed 200 OK in 28ms (Views: 27.0ms | ActiveRecord: 0.0ms)


Started POST "/session" for ::1 at 2019-07-05 17:02:54 -0400
Processing by SessionsController#create as HTML
  Parameters: {"authenticity_token"=>"xWVlKLpcr8mhQSifMMOibm3NIiWhuPVkn+lBIh7ILe/cf1v6GtB8oasimb2x3Eiw8IMt5dsYB4M1Ad5nrMfm7Q==", "user"=>{"username"=>"username", "password"=>"[FILTERED]"}}
  [1m[35m (0.2ms)[0m  [1m[35mBEGIN[0m
  ↳ app/models/user.rb:32
  [1m[36mUser Exists (0.5ms)[0m  [1m[34mSELECT  1 AS one FROM "users" WHERE "users"."username" = $1 LIMIT $2[0m  [["username", "username"], ["LIMIT", 1]]
  ↳ app/models/user.rb:32
  [1m[36mUser Exists (0.5ms)[0m  [1m[34mSELECT  1 AS one FROM "users" WHERE "users"."session_token" = $1 LIMIT $2[0m  [["session_token", "v5Nw0QWs7GuQcAQhP_sRCQ"], ["LIMIT", 1]]
  ↳ app/models/user.rb:32
  [1m[35m (0.2ms)[0m  [1m[31mROLLBACK[0m
  ↳ app/models/user.rb:32
Completed 422 Unprocessable Entity in 316ms (ActiveRecord: 1.4ms)


  
ActiveRecord::RecordInvalid (Validation failed: Username has already been taken):
  
app/models/user.rb:32:in `reset_session_token!'
app/controllers/application_controller.rb:17:in `login!'
app/controllers/sessions_controller.rb:10:in `create'
Started GET "/users/new" for ::1 at 2019-07-05 17:03:12 -0400
Processing by UsersController#new as HTML
  Rendering users/new.html.erb within layouts/application
  Rendered users/new.html.erb within layouts/application (1.1ms)
Completed 200 OK in 30ms (Views: 28.3ms | ActiveRecord: 0.0ms)


Started POST "/users" for ::1 at 2019-07-05 17:03:27 -0400
Processing by UsersController#create as HTML
  Parameters: {"authenticity_token"=>"3qlMggSDMyFT0PyddaTF0zp2sV/6Wc1wMvQLi/0nFtvHs3JQpA/gSVmzTb/0uy8Npzi+n4D5P5eYHJTOTyjd2Q==", "user"=>{"username"=>"nian10", "password"=>"[FILTERED]"}}
  [1m[35m (0.2ms)[0m  [1m[35mBEGIN[0m
  ↳ app/controllers/users_controller.rb:9
  [1m[36mUser Exists (0.5ms)[0m  [1m[34mSELECT  1 AS one FROM "users" WHERE "users"."username" = $1 LIMIT $2[0m  [["username", "nian10"], ["LIMIT", 1]]
  ↳ app/controllers/users_controller.rb:9
  [1m[36mUser Exists (0.5ms)[0m  [1m[34mSELECT  1 AS one FROM "users" WHERE "users"."session_token" = $1 LIMIT $2[0m  [["session_token", "OBIZntlwr9QtT9FRkovNQQ"], ["LIMIT", 1]]
  ↳ app/controllers/users_controller.rb:9
  [1m[36mUser Create (0.6ms)[0m  [1m[32mINSERT INTO "users" ("username", "session_token", "password_digest", "created_at", "updated_at") VALUES ($1, $2, $3, $4, $5) RETURNING "id"[0m  [["username", "nian10"], ["session_token", "OBIZntlwr9QtT9FRkovNQQ"], ["password_digest", "$2a$12$7IYH3hfHY/Gs/3mFypWIGOb4EosWJgbnLq59ie0bWP0ngTvXEL3ZW"], ["created_at", "2019-07-05 21:03:27.673852"], ["updated_at", "2019-07-05 21:03:27.673852"]]
  ↳ app/controllers/users_controller.rb:9
  [1m[35m (0.5ms)[0m  [1m[35mCOMMIT[0m
  ↳ app/controllers/users_controller.rb:9
  [1m[35m (0.1ms)[0m  [1m[35mBEGIN[0m
  ↳ app/models/user.rb:32
  [1m[36mUser Exists (0.5ms)[0m  [1m[34mSELECT  1 AS one FROM "users" WHERE "users"."username" = $1 AND "users"."id" != $2 LIMIT $3[0m  [["username", "nian10"], ["id", 6], ["LIMIT", 1]]
  ↳ app/models/user.rb:32
  [1m[36mUser Exists (0.5ms)[0m  [1m[34mSELECT  1 AS one FROM "users" WHERE "users"."session_token" = $1 AND "users"."id" != $2 LIMIT $3[0m  [["session_token", "9_u04vuHfwIitqLW30YdlA"], ["id", 6], ["LIMIT", 1]]
  ↳ app/models/user.rb:32
  [1m[36mUser Update (0.6ms)[0m  [1m[33mUPDATE "users" SET "session_token" = $1, "updated_at" = $2 WHERE "users"."id" = $3[0m  [["session_token", "9_u04vuHfwIitqLW30YdlA"], ["updated_at", "2019-07-05 21:03:27.680393"], ["id", 6]]
  ↳ app/models/user.rb:32
  [1m[35m (0.5ms)[0m  [1m[35mCOMMIT[0m
  ↳ app/models/user.rb:32
Redirected to http://localhost:3000/users/6
Completed 302 Found in 322ms (ActiveRecord: 4.7ms)


Started GET "/users/6" for ::1 at 2019-07-05 17:03:27 -0400
Processing by UsersController#show as HTML
  Parameters: {"id"=>"6"}
  [1m[36mUser Load (0.6ms)[0m  [1m[34mSELECT  "users".* FROM "users" WHERE "users"."id" = $1 LIMIT $2[0m  [["id", 6], ["LIMIT", 1]]
  ↳ app/controllers/users_controller.rb:21
  Rendering users/show.html.erb within layouts/application
  [1m[36mUser Load (0.5ms)[0m  [1m[34mSELECT  "users".* FROM "users" WHERE "users"."session_token" = $1 LIMIT $2[0m  [["session_token", "9_u04vuHfwIitqLW30YdlA"], ["LIMIT", 1]]
  ↳ app/controllers/application_controller.rb:5
  Rendered users/show.html.erb within layouts/application (1.9ms)
Completed 200 OK in 22ms (Views: 19.4ms | ActiveRecord: 1.1ms)


Started GET "/session/new" for ::1 at 2019-07-05 17:03:33 -0400
Processing by SessionsController#new as HTML
  Rendering sessions/new.html.erb within layouts/application
  Rendered sessions/new.html.erb within layouts/application (1.0ms)
Completed 200 OK in 35ms (Views: 33.2ms | ActiveRecord: 0.0ms)


Started POST "/session" for ::1 at 2019-07-05 17:03:38 -0400
Processing by SessionsController#create as HTML
  Parameters: {"authenticity_token"=>"aUfGVBWXR29jXBsqt0/ylDpgtsAVN9+ZxbvNKWU6+IpwXfiGtRuUB2k/qgg2UBhKpy65AG+XLX5vU1Js1zUziA==", "user"=>{"username"=>"nian10", "password"=>"[FILTERED]"}}
  [1m[35m (0.3ms)[0m  [1m[35mBEGIN[0m
  ↳ app/models/user.rb:32
  [1m[36mUser Exists (0.5ms)[0m  [1m[34mSELECT  1 AS one FROM "users" WHERE "users"."username" = $1 LIMIT $2[0m  [["username", "nian10"], ["LIMIT", 1]]
  ↳ app/models/user.rb:32
  [1m[36mUser Exists (0.5ms)[0m  [1m[34mSELECT  1 AS one FROM "users" WHERE "users"."session_token" = $1 LIMIT $2[0m  [["session_token", "QLxuLJm9M2j2kfdpZ2l5vw"], ["LIMIT", 1]]
  ↳ app/models/user.rb:32
  [1m[35m (0.2ms)[0m  [1m[31mROLLBACK[0m
  ↳ app/models/user.rb:32
Completed 422 Unprocessable Entity in 307ms (ActiveRecord: 1.4ms)


  
ActiveRecord::RecordInvalid (Validation failed: Username has already been taken):
  
app/models/user.rb:32:in `reset_session_token!'
app/controllers/application_controller.rb:17:in `login!'
app/controllers/sessions_controller.rb:10:in `create'
Started GET "/session/new" for ::1 at 2019-07-05 17:06:13 -0400
Processing by SessionsController#new as HTML
  Rendering sessions/new.html.erb within layouts/application
  Rendered sessions/new.html.erb within layouts/application (4.4ms)
Completed 200 OK in 105ms (Views: 96.6ms | ActiveRecord: 0.0ms)


Started POST "/session" for ::1 at 2019-07-05 17:06:19 -0400
Processing by SessionsController#create as HTML
  Parameters: {"authenticity_token"=>"4q54OsUcgkY9kXacxsjWVw3O2DZN+TlyuBGkrhOP8oP7tEboZZBRLjfyx75H1zyJkIDX9jdZy5US+TvroYA5gQ==", "user"=>{"username"=>"nian10", "password"=>"[FILTERED]"}}
  [1m[35m (0.2ms)[0m  [1m[35mBEGIN[0m
  ↳ app/models/user.rb:32
  [1m[36mUser Exists (0.7ms)[0m  [1m[34mSELECT  1 AS one FROM "users" WHERE "users"."username" = $1 LIMIT $2[0m  [["username", "nian10"], ["LIMIT", 1]]
  ↳ app/models/user.rb:32
  [1m[36mUser Exists (0.5ms)[0m  [1m[34mSELECT  1 AS one FROM "users" WHERE "users"."session_token" = $1 LIMIT $2[0m  [["session_token", "XaU9QeY3AKDWvrm4M-GB9g"], ["LIMIT", 1]]
  ↳ app/models/user.rb:32
  [1m[35m (0.3ms)[0m  [1m[31mROLLBACK[0m
  ↳ app/models/user.rb:32
Completed 422 Unprocessable Entity in 316ms (ActiveRecord: 1.7ms)


  
ActiveRecord::RecordInvalid (Validation failed: Username has already been taken):
  
app/models/user.rb:32:in `reset_session_token!'
app/controllers/application_controller.rb:17:in `login!'
app/controllers/sessions_controller.rb:10:in `create'
Started GET "/session/new" for ::1 at 2019-07-05 17:09:52 -0400
Processing by SessionsController#new as HTML
  Rendering sessions/new.html.erb within layouts/application
  Rendered sessions/new.html.erb within layouts/application (1.1ms)
Completed 200 OK in 130ms (Views: 78.4ms | ActiveRecord: 7.7ms)


Started POST "/session" for ::1 at 2019-07-05 17:10:00 -0400
Processing by SessionsController#create as HTML
  Parameters: {"authenticity_token"=>"XGn4dWHIF0tEHcNfGXXWF06e2XFt5A8JbcQZLZdUkrlFc8anwUTEI05+cn2YajzJ09DWsRdE/e7HLIZoJVtZuw==", "user"=>{"username"=>"nian10", "password"=>"[FILTERED]"}}
Completed 500 Internal Server Error in 24ms (ActiveRecord: 0.0ms)


  
NoMethodError (undefined method `find_by_credentials' for #<Class:0x00007fea492957a8>
Did you mean?  find_in_batches):
  
app/controllers/sessions_controller.rb:8:in `create'
Started GET "/session/new" for ::1 at 2019-07-05 17:11:06 -0400
Processing by SessionsController#new as HTML
  Rendering sessions/new.html.erb within layouts/application
  Rendered sessions/new.html.erb within layouts/application (0.8ms)
Completed 200 OK in 143ms (Views: 122.8ms | ActiveRecord: 8.0ms)


Started POST "/session" for ::1 at 2019-07-05 17:11:15 -0400
Processing by SessionsController#create as HTML
  Parameters: {"authenticity_token"=>"LL9OuLF9rtLV4n4ve1iISc57LktQxWr7inkU8miCBOY1pXBqEfF9ut+Bzw36R2KXUzUhiyplmBwgkYu32o3P5A==", "user"=>{"username"=>"nian10", "password"=>"[FILTERED]"}}
  [1m[36mUser Load (0.9ms)[0m  [1m[34mSELECT  "users".* FROM "users" WHERE "users"."username" = $1 LIMIT $2[0m  [["username", "nian10"], ["LIMIT", 1]]
  ↳ app/models/user.rb:27
  [1m[35m (0.2ms)[0m  [1m[35mBEGIN[0m
  ↳ app/models/user.rb:32
  [1m[36mUser Exists (0.7ms)[0m  [1m[34mSELECT  1 AS one FROM "users" WHERE "users"."username" = $1 AND "users"."id" != $2 LIMIT $3[0m  [["username", "nian10"], ["id", 6], ["LIMIT", 1]]
  ↳ app/models/user.rb:32
  [1m[36mUser Exists (0.6ms)[0m  [1m[34mSELECT  1 AS one FROM "users" WHERE "users"."session_token" = $1 AND "users"."id" != $2 LIMIT $3[0m  [["session_token", "5RVzExSnZ0NRaEy-fLwBTw"], ["id", 6], ["LIMIT", 1]]
  ↳ app/models/user.rb:32
  [1m[36mUser Update (0.7ms)[0m  [1m[33mUPDATE "users" SET "session_token" = $1, "updated_at" = $2 WHERE "users"."id" = $3[0m  [["session_token", "5RVzExSnZ0NRaEy-fLwBTw"], ["updated_at", "2019-07-05 21:11:16.173600"], ["id", 6]]
  ↳ app/models/user.rb:32
  [1m[35m (0.6ms)[0m  [1m[35mCOMMIT[0m
  ↳ app/models/user.rb:32
Redirected to http://localhost:3000/users/6
Completed 302 Found in 323ms (ActiveRecord: 3.7ms)


Started GET "/users/6" for ::1 at 2019-07-05 17:11:16 -0400
Processing by UsersController#show as HTML
  Parameters: {"id"=>"6"}
  [1m[36mUser Load (0.7ms)[0m  [1m[34mSELECT  "users".* FROM "users" WHERE "users"."id" = $1 LIMIT $2[0m  [["id", 6], ["LIMIT", 1]]
  ↳ app/controllers/users_controller.rb:21
  Rendering users/show.html.erb within layouts/application
  [1m[36mUser Load (0.6ms)[0m  [1m[34mSELECT  "users".* FROM "users" WHERE "users"."session_token" = $1 LIMIT $2[0m  [["session_token", "5RVzExSnZ0NRaEy-fLwBTw"], ["LIMIT", 1]]
  ↳ app/controllers/application_controller.rb:5
  Rendered users/show.html.erb within layouts/application (2.6ms)
Completed 200 OK in 37ms (Views: 33.5ms | ActiveRecord: 1.3ms)


Started GET "/users/6" for ::1 at 2019-07-05 17:20:06 -0400
Processing by UsersController#show as HTML
  Parameters: {"id"=>"6"}
  [1m[36mUser Load (0.8ms)[0m  [1m[34mSELECT  "users".* FROM "users" WHERE "users"."id" = $1 LIMIT $2[0m  [["id", 6], ["LIMIT", 1]]
  ↳ app/controllers/users_controller.rb:21
  Rendering users/show.html.erb within layouts/application
  [1m[36mUser Load (0.6ms)[0m  [1m[34mSELECT  "users".* FROM "users" WHERE "users"."session_token" = $1 LIMIT $2[0m  [["session_token", "5RVzExSnZ0NRaEy-fLwBTw"], ["LIMIT", 1]]
  ↳ app/controllers/application_controller.rb:5
  Rendered users/show.html.erb within layouts/application (4.2ms)
Completed 200 OK in 249ms (Views: 196.8ms | ActiveRecord: 13.6ms)


Started DELETE "/session" for ::1 at 2019-07-05 17:20:14 -0400
Processing by SessionsController#destroy as HTML
  Parameters: {"authenticity_token"=>"Xl2jG6K8JwamHvCm4ytT0k7njV+yWblrYfY3NZ0WvFNHR53JAjD0bqx9QYRiNLkM06mCn8j5S4zLHqhwLxl3UQ=="}
  [1m[36mUser Load (0.6ms)[0m  [1m[34mSELECT  "users".* FROM "users" WHERE "users"."session_token" = $1 LIMIT $2[0m  [["session_token", "5RVzExSnZ0NRaEy-fLwBTw"], ["LIMIT", 1]]
  ↳ app/controllers/application_controller.rb:5
  [1m[35m (0.2ms)[0m  [1m[35mBEGIN[0m
  ↳ app/models/user.rb:32
  [1m[36mUser Exists (0.8ms)[0m  [1m[34mSELECT  1 AS one FROM "users" WHERE "users"."username" = $1 AND "users"."id" != $2 LIMIT $3[0m  [["username", "nian10"], ["id", 6], ["LIMIT", 1]]
  ↳ app/models/user.rb:32
  [1m[36mUser Exists (0.6ms)[0m  [1m[34mSELECT  1 AS one FROM "users" WHERE "users"."session_token" = $1 AND "users"."id" != $2 LIMIT $3[0m  [["session_token", "FFdYG-JFZ2Pe5nuUjzL5NA"], ["id", 6], ["LIMIT", 1]]
  ↳ app/models/user.rb:32
  [1m[36mUser Update (0.8ms)[0m  [1m[33mUPDATE "users" SET "session_token" = $1, "updated_at" = $2 WHERE "users"."id" = $3[0m  [["session_token", "FFdYG-JFZ2Pe5nuUjzL5NA"], ["updated_at", "2019-07-05 21:20:14.289241"], ["id", 6]]
  ↳ app/models/user.rb:32
  [1m[35m (0.6ms)[0m  [1m[35mCOMMIT[0m
  ↳ app/models/user.rb:32
Redirected to http://localhost:3000/session/new
Completed 302 Found in 13ms (ActiveRecord: 3.6ms)


Started GET "/session/new" for ::1 at 2019-07-05 17:20:14 -0400
Processing by SessionsController#new as HTML
  Rendering sessions/new.html.erb within layouts/application
  Rendered sessions/new.html.erb within layouts/application (0.9ms)
  [1m[36mUser Load (0.4ms)[0m  [1m[34mSELECT  "users".* FROM "users" WHERE "users"."session_token" IS NULL LIMIT $1[0m  [["LIMIT", 1]]
  ↳ app/controllers/application_controller.rb:5
Completed 200 OK in 43ms (Views: 41.0ms | ActiveRecord: 0.4ms)


Started POST "/session" for ::1 at 2019-07-05 17:20:21 -0400
Processing by SessionsController#create as HTML
  Parameters: {"authenticity_token"=>"gpiWsJFYBSZkQhnFgJBdcWbFnpwfD2PfbziGlPLXYSObgqhiMdTWTm4hqOcBj7ev+4uRXGWvkTjF0BnRQNiqIQ==", "user"=>{"username"=>"", "password"=>"[FILTERED]"}}
  [1m[36mUser Load (0.7ms)[0m  [1m[34mSELECT  "users".* FROM "users" WHERE "users"."username" = $1 LIMIT $2[0m  [["username", ""], ["LIMIT", 1]]
  ↳ app/models/user.rb:27
Completed 500 Internal Server Error in 6ms (ActiveRecord: 0.7ms)


  
NoMethodError (undefined method `errors' for nil:NilClass):
  
app/controllers/sessions_controller.rb:16:in `create'
Started POST "/session" for ::1 at 2019-07-05 17:25:06 -0400
Processing by SessionsController#create as HTML
  Parameters: {"authenticity_token"=>"gpiWsJFYBSZkQhnFgJBdcWbFnpwfD2PfbziGlPLXYSObgqhiMdTWTm4hqOcBj7ev+4uRXGWvkTjF0BnRQNiqIQ==", "user"=>{"username"=>"", "password"=>"[FILTERED]"}}
  [1m[36mUser Load (0.8ms)[0m  [1m[34mSELECT  "users".* FROM "users" WHERE "users"."username" = $1 LIMIT $2[0m  [["username", ""], ["LIMIT", 1]]
  ↳ app/models/user.rb:27
Completed 500 Internal Server Error in 5ms (ActiveRecord: 0.8ms)


  
NoMethodError (undefined method `errors' for nil:NilClass):
  
app/controllers/sessions_controller.rb:16:in `create'
Started POST "/session" for ::1 at 2019-07-05 17:25:11 -0400
Processing by SessionsController#create as HTML
  Parameters: {"authenticity_token"=>"gpiWsJFYBSZkQhnFgJBdcWbFnpwfD2PfbziGlPLXYSObgqhiMdTWTm4hqOcBj7ev+4uRXGWvkTjF0BnRQNiqIQ==", "user"=>{"username"=>"", "password"=>"[FILTERED]"}}
  [1m[36mUser Load (0.7ms)[0m  [1m[34mSELECT  "users".* FROM "users" WHERE "users"."username" = $1 LIMIT $2[0m  [["username", ""], ["LIMIT", 1]]
  ↳ app/models/user.rb:27
Completed 500 Internal Server Error in 5ms (ActiveRecord: 0.7ms)


  
NoMethodError (undefined method `errors' for nil:NilClass):
  
app/controllers/sessions_controller.rb:16:in `create'
Started GET "/session/new" for ::1 at 2019-07-05 17:26:08 -0400
Processing by SessionsController#new as HTML
  Rendering sessions/new.html.erb within layouts/application
  Rendered sessions/new.html.erb within layouts/application (1.1ms)
  [1m[36mUser Load (0.5ms)[0m  [1m[34mSELECT  "users".* FROM "users" WHERE "users"."session_token" IS NULL LIMIT $1[0m  [["LIMIT", 1]]
  ↳ app/controllers/application_controller.rb:5
Completed 200 OK in 129ms (Views: 86.3ms | ActiveRecord: 9.1ms)


Started POST "/session" for ::1 at 2019-07-05 17:26:15 -0400
Processing by SessionsController#create as HTML
  Parameters: {"authenticity_token"=>"/LPxdc38Q1WmkNv6VBexcRgSIB6dJky9Sjh8I3SmLoflqc+nbXCQPazzatjVCFuvhVwv3ueGvlrg0ONmxqnlhQ==", "user"=>{"username"=>"cvxvx", "password"=>"[FILTERED]"}}
  [1m[36mUser Load (0.8ms)[0m  [1m[34mSELECT  "users".* FROM "users" WHERE "users"."username" = $1 LIMIT $2[0m  [["username", "cvxvx"], ["LIMIT", 1]]
  ↳ app/models/user.rb:27
  Rendering sessions/new.html.erb within layouts/application
  Rendered sessions/new.html.erb within layouts/application (1.0ms)
  [1m[36mUser Load (0.4ms)[0m  [1m[34mSELECT  "users".* FROM "users" WHERE "users"."session_token" IS NULL LIMIT $1[0m  [["LIMIT", 1]]
  ↳ app/controllers/application_controller.rb:5
Completed 200 OK in 28ms (Views: 24.2ms | ActiveRecord: 1.2ms)


